<?xml version="1.0" encoding="UTF-8"?>
<testsuite name="ru.netology.service.CashBackHackerServiceTest" tests="4" skipped="0" failures="0" errors="0" timestamp="2021-06-17T12:02:23" hostname="DESKTOP-CRPV8IG" time="0.014">
  <properties/>
  <testcase name="shouldReturn200IfAmountIs800()" classname="ru.netology.service.CashBackHackerServiceTest" time="0.011"/>
  <testcase name="shouldReturn700IfAmountIs1300()" classname="ru.netology.service.CashBackHackerServiceTest" time="0.0"/>
  <testcase name="shouldReturn1000IfAmountIs1000()" classname="ru.netology.service.CashBackHackerServiceTest" time="0.0"/>
  <testcase name="shouldReturn1000IfAmountIsZero()" classname="ru.netology.service.CashBackHackerServiceTest" time="0.001"/>
  <system-out><![CDATA[]]></system-out>
  <system-err><![CDATA[]]></system-err>
</testsuite>
